<?xml version="1.0" encoding="UTF-8"?>
<!-- Generated by org.testng.reporters.JUnitReportReporter -->
<testsuite hostname="Karthicks-MBP" failures="0" tests="4" name="testNG.GroupingExample" time="0.030" errors="0" timestamp="2022-08-16T11:26:23 SGT" skipped="0">
  <testcase classname="testNG.GroupingExample" name="lenova2" time="0.008"/>
  <system-out/>
  <testcase classname="testNG.GroupingExample" name="lenova1" time="0.015"/>
  <system-out/>
  <testcase classname="testNG.GroupingExample" name="moto2" time="0.005"/>
  <system-out/>
  <testcase classname="testNG.GroupingExample" name="moto1" time="0.002"/>
  <system-out/>
</testsuite> <!-- testNG.GroupingExample -->
