<?xml version="1.0" encoding="UTF-8"?>
<!-- Generated by org.testng.reporters.JUnitReportReporter -->
<testsuite hostname="Karthicks-MBP" failures="0" tests="3" name="testNG.SuiteExample" time="22.870" errors="0" timestamp="2022-08-15T12:37:11 SGT" skipped="0">
  <testcase classname="testNG.SuiteExample" name="openBing" time="10.611"/>
  <system-out/>
  <testcase classname="testNG.SuiteExample" name="openYahoo" time="11.098"/>
  <system-out/>
  <testcase classname="testNG.SuiteExample" name="openGoogle" time="1.161"/>
  <system-out/>
</testsuite> <!-- testNG.SuiteExample -->
