<?xml version="1.0" encoding="UTF-8"?>
<!-- Generated by org.testng.reporters.JUnitReportReporter -->
<testsuite hostname="Karthicks-MBP" failures="0" tests="2" name="testNG.ParallelTesting" time="14.121" errors="0" timestamp="2022-08-16T12:10:38 SGT" skipped="0">
  <testcase classname="testNG.ParallelTesting" name="openGoogle" time="7.506"/>
  <system-out/>
  <testcase classname="testNG.ParallelTesting" name="openBing" time="6.615"/>
  <system-out/>
</testsuite> <!-- testNG.ParallelTesting -->
