<?xml version="1.0" encoding="UTF-8"?>
<!-- Generated by org.testng.reporters.JUnitReportReporter -->
<testsuite hostname="Karthicks-MBP" failures="0" tests="1" name="testNG.AnnotationsHierarchyExample" time="0.009" errors="0" timestamp="2022-08-16T13:01:36 SGT" skipped="0">
  <testcase classname="testNG.AnnotationsHierarchyExample" name="test" time="0.009"/>
  <system-out/>
</testsuite> <!-- testNG.AnnotationsHierarchyExample -->
