<?xml version="1.0" encoding="UTF-8"?>
<!-- Generated by org.testng.reporters.JUnitReportReporter -->
<testsuite hostname="Karthicks-MBP" failures="0" tests="4" name="testNG.SampleTestCase" time="0.040" errors="0" timestamp="2022-08-17T12:31:55 SGT" skipped="0">
  <testcase classname="testNG.SampleTestCase" name="secondTestCase" time="0.001"/>
  <system-out/>
  <testcase classname="testNG.SampleTestCase" name="fourthTestCase" time="0.015"/>
  <system-out/>
  <testcase classname="testNG.SampleTestCase" name="firstTestCase" time="0.015"/>
  <system-out/>
  <testcase classname="testNG.SampleTestCase" name="thirdTestCase" time="0.009"/>
  <system-out/>
</testsuite> <!-- testNG.SampleTestCase -->
