<?xml version="1.0" encoding="UTF-8"?>
<!-- Generated by org.testng.reporters.JUnitReportReporter -->
<testsuite hostname="Karthicks-MBP" failures="0" tests="1" name="testNG.ParameterizationExample" time="0.013" errors="0" timestamp="2022-08-16T11:43:23 SGT" skipped="0">
  <testcase classname="testNG.ParameterizationExample" name="printName" time="0.013"/>
  <system-out/>
</testsuite> <!-- testNG.ParameterizationExample -->
